<?xml version="1.0" encoding="UTF-8"?>
<!-- Generated by org.testng.reporters.JUnitXMLReporter -->
<testsuite hostname="LAPTOP-G99MGK26" name="FirefoxTest" tests="1" failures="1" timestamp="25 Jul 2019 03:53:25 GMT" time="0.409" errors="0">
  <testcase name="LoginTestMethod" time="0.395" classname="test.LoginTest">
    <failure type="java.lang.IllegalStateException" message="The driver executable does not exist: c:\geckodriver.exe">
      <![CDATA[java.lang.IllegalStateException: The driver executable does not exist: c:\geckodriver.exe
	at com.google.common.base.Preconditions.checkState(Preconditions.java:585)
	at org.openqa.selenium.remote.service.DriverService.checkExecutable(DriverService.java:137)
	at org.openqa.selenium.remote.service.DriverService.findExecutable(DriverService.java:132)
	at org.openqa.selenium.firefox.GeckoDriverService.access$100(GeckoDriverService.java:43)
	at org.openqa.selenium.firefox.GeckoDriverService$Builder.findDefaultExecutable(GeckoDriverService.java:168)
	at org.openqa.selenium.remote.service.DriverService$Builder.build(DriverService.java:346)
	at org.openqa.selenium.firefox.FirefoxDriver.toExecutor(FirefoxDriver.java:168)
	at org.openqa.selenium.firefox.FirefoxDriver.<init>(FirefoxDriver.java:125)
	at org.openqa.selenium.firefox.FirefoxDriver.<init>(FirefoxDriver.java:103)
	at Helpers.BrowserOperation.launchApplication(BrowserOperation.java:20)
	at test.LoginTest.LoginTestMethod(LoginTest.java:17)
... Removed 24 stack frames]]>
    </failure>
  </testcase> <!-- LoginTestMethod -->
</testsuite> <!-- FirefoxTest -->
