<?xml version="1.0" encoding="UTF-8"?>
<!-- Generated by org.testng.reporters.JUnitXMLReporter -->
<testsuite hostname="LAPTOP-G99MGK26" name="IETest" tests="1" failures="1" timestamp="25 Jul 2019 03:54:06 GMT" time="0.022" errors="0">
  <testcase name="LoginTestMethod" time="0.021" classname="test.LoginTest">
    <failure type="java.lang.IllegalStateException" message="The driver executable does not exist: c:\IEDriverServerdriver.exe">
      <![CDATA[java.lang.IllegalStateException: The driver executable does not exist: c:\IEDriverServerdriver.exe
	at com.google.common.base.Preconditions.checkState(Preconditions.java:585)
	at org.openqa.selenium.remote.service.DriverService.checkExecutable(DriverService.java:137)
	at org.openqa.selenium.remote.service.DriverService.findExecutable(DriverService.java:132)
	at org.openqa.selenium.ie.InternetExplorerDriverService.access$000(InternetExplorerDriverService.java:35)
	at org.openqa.selenium.ie.InternetExplorerDriverService$Builder.findDefaultExecutable(InternetExplorerDriverService.java:188)
	at org.openqa.selenium.remote.service.DriverService$Builder.build(DriverService.java:346)
	at org.openqa.selenium.ie.InternetExplorerDriver.setupService(InternetExplorerDriver.java:281)
	at org.openqa.selenium.ie.InternetExplorerDriver.<init>(InternetExplorerDriver.java:211)
	at org.openqa.selenium.ie.InternetExplorerDriver.<init>(InternetExplorerDriver.java:150)
	at Helpers.BrowserOperation.launchApplication(BrowserOperation.java:31)
	at test.LoginTest.LoginTestMethod(LoginTest.java:17)
... Removed 24 stack frames]]>
    </failure>
  </testcase> <!-- LoginTestMethod -->
</testsuite> <!-- IETest -->
